{
  "stats": {
    "suites": 1,
    "tests": 18,
    "passes": 18,
    "pending": 0,
    "failures": 0,
    "start": "2022-06-07T10:27:28.059Z",
    "end": "2022-06-07T10:27:32.837Z",
    "duration": 4778,
    "testsRegistered": 18,
    "passPercent": 100,
    "pendingPercent": 0,
    "other": 0,
    "hasOther": false,
    "skipped": 0,
    "hasSkipped": false
  },
  "results": [
    {
      "uuid": "38692c73-2596-434a-96d1-c02aaa8cc352",
      "title": "",
      "fullFile": "cypress\\e2e\\2-advanced-examples\\traversal.cy.js",
      "file": "cypress\\e2e\\2-advanced-examples\\traversal.cy.js",
      "beforeHooks": [],
      "afterHooks": [],
      "tests": [],
      "suites": [
        {
          "uuid": "cd2e22b6-6b8d-42ea-a5c4-2fbafbf83c61",
          "title": "Traversal",
          "fullFile": "",
          "file": "",
          "beforeHooks": [],
          "afterHooks": [],
          "tests": [
            {
              "title": ".children() - get child DOM elements",
              "fullTitle": "Traversal .children() - get child DOM elements",
              "timedOut": null,
              "duration": 342,
              "state": "passed",
              "speed": "fast",
              "pass": true,
              "fail": false,
              "pending": false,
              "context": null,
              "code": "// https://on.cypress.io/children\ncy.get('.traversal-breadcrumb').children('.active').should('contain', 'Data');",
              "err": {},
              "uuid": "5528a6f1-efbf-4525-8892-9ad0b338a8e2",
              "parentUUID": "cd2e22b6-6b8d-42ea-a5c4-2fbafbf83c61",
              "isHook": false,
              "skipped": false
            },
            {
              "title": ".closest() - get closest ancestor DOM element",
              "fullTitle": "Traversal .closest() - get closest ancestor DOM element",
              "timedOut": null,
              "duration": 172,
              "state": "passed",
              "speed": "fast",
              "pass": true,
              "fail": false,
              "pending": false,
              "context": null,
              "code": "// https://on.cypress.io/closest\ncy.get('.traversal-badge').closest('ul').should('have.class', 'list-group');",
              "err": {},
              "uuid": "17e1fbb1-dd0e-454b-b65a-2e8e0a4d9ccb",
              "parentUUID": "cd2e22b6-6b8d-42ea-a5c4-2fbafbf83c61",
              "isHook": false,
              "skipped": false
            },
            {
              "title": ".eq() - get a DOM element at a specific index",
              "fullTitle": "Traversal .eq() - get a DOM element at a specific index",
              "timedOut": null,
              "duration": 215,
              "state": "passed",
              "speed": "fast",
              "pass": true,
              "fail": false,
              "pending": false,
              "context": null,
              "code": "// https://on.cypress.io/eq\ncy.get('.traversal-list>li').eq(1).should('contain', 'siamese');",
              "err": {},
              "uuid": "f330b23e-b46f-4cb6-a920-b1b1fa6dc385",
              "parentUUID": "cd2e22b6-6b8d-42ea-a5c4-2fbafbf83c61",
              "isHook": false,
              "skipped": false
            },
            {
              "title": ".filter() - get DOM elements that match the selector",
              "fullTitle": "Traversal .filter() - get DOM elements that match the selector",
              "timedOut": null,
              "duration": 162,
              "state": "passed",
              "speed": "fast",
              "pass": true,
              "fail": false,
              "pending": false,
              "context": null,
              "code": "// https://on.cypress.io/filter\ncy.get('.traversal-nav>li').filter('.active').should('contain', 'About');",
              "err": {},
              "uuid": "9b30fb2c-592b-4939-9d5e-bc544893ebf6",
              "parentUUID": "cd2e22b6-6b8d-42ea-a5c4-2fbafbf83c61",
              "isHook": false,
              "skipped": false
            },
            {
              "title": ".find() - get descendant DOM elements of the selector",
              "fullTitle": "Traversal .find() - get descendant DOM elements of the selector",
              "timedOut": null,
              "duration": 189,
              "state": "passed",
              "speed": "fast",
              "pass": true,
              "fail": false,
              "pending": false,
              "context": null,
              "code": "// https://on.cypress.io/find\ncy.get('.traversal-pagination').find('li').find('a').should('have.length', 7);",
              "err": {},
              "uuid": "2d01e4fa-689e-44ac-85b3-5ddcaab10070",
              "parentUUID": "cd2e22b6-6b8d-42ea-a5c4-2fbafbf83c61",
              "isHook": false,
              "skipped": false
            },
            {
              "title": ".first() - get first DOM element",
              "fullTitle": "Traversal .first() - get first DOM element",
              "timedOut": null,
              "duration": 164,
              "state": "passed",
              "speed": "fast",
              "pass": true,
              "fail": false,
              "pending": false,
              "context": null,
              "code": "// https://on.cypress.io/first\ncy.get('.traversal-table td').first().should('contain', '1');",
              "err": {},
              "uuid": "3ae56b62-5944-46f1-8faf-255c05c1ff0e",
              "parentUUID": "cd2e22b6-6b8d-42ea-a5c4-2fbafbf83c61",
              "isHook": false,
              "skipped": false
            },
            {
              "title": ".last() - get last DOM element",
              "fullTitle": "Traversal .last() - get last DOM element",
              "timedOut": null,
              "duration": 169,
              "state": "passed",
              "speed": "fast",
              "pass": true,
              "fail": false,
              "pending": false,
              "context": null,
              "code": "// https://on.cypress.io/last\ncy.get('.traversal-buttons .btn').last().should('contain', 'Submit');",
              "err": {},
              "uuid": "02515cca-6b7e-406d-b828-6fdca59d846d",
              "parentUUID": "cd2e22b6-6b8d-42ea-a5c4-2fbafbf83c61",
              "isHook": false,
              "skipped": false
            },
            {
              "title": ".next() - get next sibling DOM element",
              "fullTitle": "Traversal .next() - get next sibling DOM element",
              "timedOut": null,
              "duration": 165,
              "state": "passed",
              "speed": "fast",
              "pass": true,
              "fail": false,
              "pending": false,
              "context": null,
              "code": "// https://on.cypress.io/next\ncy.get('.traversal-ul').contains('apples').next().should('contain', 'oranges');",
              "err": {},
              "uuid": "97cce4e3-3b0e-45b1-bd74-8ccaf809d06e",
              "parentUUID": "cd2e22b6-6b8d-42ea-a5c4-2fbafbf83c61",
              "isHook": false,
              "skipped": false
            },
            {
              "title": ".nextAll() - get all next sibling DOM elements",
              "fullTitle": "Traversal .nextAll() - get all next sibling DOM elements",
              "timedOut": null,
              "duration": 168,
              "state": "passed",
              "speed": "fast",
              "pass": true,
              "fail": false,
              "pending": false,
              "context": null,
              "code": "// https://on.cypress.io/nextall\ncy.get('.traversal-next-all').contains('oranges').nextAll().should('have.length', 3);",
              "err": {},
              "uuid": "6464a345-f5a2-4be7-a830-0c5d1025bc4c",
              "parentUUID": "cd2e22b6-6b8d-42ea-a5c4-2fbafbf83c61",
              "isHook": false,
              "skipped": false
            },
            {
              "title": ".nextUntil() - get next sibling DOM elements until next el",
              "fullTitle": "Traversal .nextUntil() - get next sibling DOM elements until next el",
              "timedOut": null,
              "duration": 167,
              "state": "passed",
              "speed": "fast",
              "pass": true,
              "fail": false,
              "pending": false,
              "context": null,
              "code": "// https://on.cypress.io/nextuntil\ncy.get('#veggies').nextUntil('#nuts').should('have.length', 3);",
              "err": {},
              "uuid": "1c9e48fe-486d-46dc-8231-d9805e030cf5",
              "parentUUID": "cd2e22b6-6b8d-42ea-a5c4-2fbafbf83c61",
              "isHook": false,
              "skipped": false
            },
            {
              "title": ".not() - remove DOM elements from set of DOM elements",
              "fullTitle": "Traversal .not() - remove DOM elements from set of DOM elements",
              "timedOut": null,
              "duration": 193,
              "state": "passed",
              "speed": "fast",
              "pass": true,
              "fail": false,
              "pending": false,
              "context": null,
              "code": "// https://on.cypress.io/not\ncy.get('.traversal-disabled .btn').not('[disabled]').should('not.contain', 'Disabled');",
              "err": {},
              "uuid": "1d8fa745-a6b9-4edc-a3d1-64d3d066dd29",
              "parentUUID": "cd2e22b6-6b8d-42ea-a5c4-2fbafbf83c61",
              "isHook": false,
              "skipped": false
            },
            {
              "title": ".parent() - get parent DOM element from DOM elements",
              "fullTitle": "Traversal .parent() - get parent DOM element from DOM elements",
              "timedOut": null,
              "duration": 149,
              "state": "passed",
              "speed": "fast",
              "pass": true,
              "fail": false,
              "pending": false,
              "context": null,
              "code": "// https://on.cypress.io/parent\ncy.get('.traversal-mark').parent().should('contain', 'Morbi leo risus');",
              "err": {},
              "uuid": "b6ce7bbb-97a4-4fbf-a29f-8859b5873614",
              "parentUUID": "cd2e22b6-6b8d-42ea-a5c4-2fbafbf83c61",
              "isHook": false,
              "skipped": false
            },
            {
              "title": ".parents() - get parent DOM elements from DOM elements",
              "fullTitle": "Traversal .parents() - get parent DOM elements from DOM elements",
              "timedOut": null,
              "duration": 172,
              "state": "passed",
              "speed": "fast",
              "pass": true,
              "fail": false,
              "pending": false,
              "context": null,
              "code": "// https://on.cypress.io/parents\ncy.get('.traversal-cite').parents().should('match', 'blockquote');",
              "err": {},
              "uuid": "b42a86ba-54e3-423d-aa7c-0a8d76c16f3b",
              "parentUUID": "cd2e22b6-6b8d-42ea-a5c4-2fbafbf83c61",
              "isHook": false,
              "skipped": false
            },
            {
              "title": ".parentsUntil() - get parent DOM elements from DOM elements until el",
              "fullTitle": "Traversal .parentsUntil() - get parent DOM elements from DOM elements until el",
              "timedOut": null,
              "duration": 156,
              "state": "passed",
              "speed": "fast",
              "pass": true,
              "fail": false,
              "pending": false,
              "context": null,
              "code": "// https://on.cypress.io/parentsuntil\ncy.get('.clothes-nav').find('.active').parentsUntil('.clothes-nav').should('have.length', 2);",
              "err": {},
              "uuid": "3cd43187-c3e8-4985-a5bb-c5535e6babac",
              "parentUUID": "cd2e22b6-6b8d-42ea-a5c4-2fbafbf83c61",
              "isHook": false,
              "skipped": false
            },
            {
              "title": ".prev() - get previous sibling DOM element",
              "fullTitle": "Traversal .prev() - get previous sibling DOM element",
              "timedOut": null,
              "duration": 164,
              "state": "passed",
              "speed": "fast",
              "pass": true,
              "fail": false,
              "pending": false,
              "context": null,
              "code": "// https://on.cypress.io/prev\ncy.get('.birds').find('.active').prev().should('contain', 'Lorikeets');",
              "err": {},
              "uuid": "c7d6add4-bef7-4508-b811-437a3056514d",
              "parentUUID": "cd2e22b6-6b8d-42ea-a5c4-2fbafbf83c61",
              "isHook": false,
              "skipped": false
            },
            {
              "title": ".prevAll() - get all previous sibling DOM elements",
              "fullTitle": "Traversal .prevAll() - get all previous sibling DOM elements",
              "timedOut": null,
              "duration": 160,
              "state": "passed",
              "speed": "fast",
              "pass": true,
              "fail": false,
              "pending": false,
              "context": null,
              "code": "// https://on.cypress.io/prevall\ncy.get('.fruits-list').find('.third').prevAll().should('have.length', 2);",
              "err": {},
              "uuid": "45729ad7-a53d-49e6-9453-c8084ac2ab3c",
              "parentUUID": "cd2e22b6-6b8d-42ea-a5c4-2fbafbf83c61",
              "isHook": false,
              "skipped": false
            },
            {
              "title": ".prevUntil() - get all previous sibling DOM elements until el",
              "fullTitle": "Traversal .prevUntil() - get all previous sibling DOM elements until el",
              "timedOut": null,
              "duration": 162,
              "state": "passed",
              "speed": "fast",
              "pass": true,
              "fail": false,
              "pending": false,
              "context": null,
              "code": "// https://on.cypress.io/prevuntil\ncy.get('.foods-list').find('#nuts').prevUntil('#veggies').should('have.length', 3);",
              "err": {},
              "uuid": "34e06b56-b6c1-488c-95dc-a6699f67b7cb",
              "parentUUID": "cd2e22b6-6b8d-42ea-a5c4-2fbafbf83c61",
              "isHook": false,
              "skipped": false
            },
            {
              "title": ".siblings() - get all sibling DOM elements",
              "fullTitle": "Traversal .siblings() - get all sibling DOM elements",
              "timedOut": null,
              "duration": 158,
              "state": "passed",
              "speed": "fast",
              "pass": true,
              "fail": false,
              "pending": false,
              "context": null,
              "code": "// https://on.cypress.io/siblings\ncy.get('.traversal-pills .active').siblings().should('have.length', 2);",
              "err": {},
              "uuid": "079d8e54-bacf-4cc1-b6d5-dda0dd7f8aa7",
              "parentUUID": "cd2e22b6-6b8d-42ea-a5c4-2fbafbf83c61",
              "isHook": false,
              "skipped": false
            }
          ],
          "suites": [],
          "passes": [
            "5528a6f1-efbf-4525-8892-9ad0b338a8e2",
            "17e1fbb1-dd0e-454b-b65a-2e8e0a4d9ccb",
            "f330b23e-b46f-4cb6-a920-b1b1fa6dc385",
            "9b30fb2c-592b-4939-9d5e-bc544893ebf6",
            "2d01e4fa-689e-44ac-85b3-5ddcaab10070",
            "3ae56b62-5944-46f1-8faf-255c05c1ff0e",
            "02515cca-6b7e-406d-b828-6fdca59d846d",
            "97cce4e3-3b0e-45b1-bd74-8ccaf809d06e",
            "6464a345-f5a2-4be7-a830-0c5d1025bc4c",
            "1c9e48fe-486d-46dc-8231-d9805e030cf5",
            "1d8fa745-a6b9-4edc-a3d1-64d3d066dd29",
            "b6ce7bbb-97a4-4fbf-a29f-8859b5873614",
            "b42a86ba-54e3-423d-aa7c-0a8d76c16f3b",
            "3cd43187-c3e8-4985-a5bb-c5535e6babac",
            "c7d6add4-bef7-4508-b811-437a3056514d",
            "45729ad7-a53d-49e6-9453-c8084ac2ab3c",
            "34e06b56-b6c1-488c-95dc-a6699f67b7cb",
            "079d8e54-bacf-4cc1-b6d5-dda0dd7f8aa7"
          ],
          "failures": [],
          "pending": [],
          "skipped": [],
          "duration": 3227,
          "root": false,
          "rootEmpty": false,
          "_timeout": 2000
        }
      ],
      "passes": [],
      "failures": [],
      "pending": [],
      "skipped": [],
      "duration": 0,
      "root": true,
      "rootEmpty": true,
      "_timeout": 2000
    }
  ],
  "meta": {
    "mocha": {
      "version": "7.0.1"
    },
    "mochawesome": {
      "options": {
        "quiet": false,
        "reportFilename": "mochawesome",
        "saveHtml": false,
        "saveJson": true,
        "consoleReporter": "spec",
        "useInlineDiffs": false,
        "code": true
      },
      "version": "7.1.3"
    },
    "marge": {
      "options": {
        "reportDir": "cypress\\report\\.jsons",
        "charts": true,
        "reportPageTitle": "custom-title",
        "overwrite": false,
        "html": false,
        "json": true
      },
      "version": "6.2.0"
    }
  }
}