{
  "stats": {
    "suites": 1,
    "tests": 3,
    "passes": 0,
    "pending": 0,
    "failures": 3,
    "start": "2022-06-07T10:23:42.301Z",
    "end": "2022-06-07T10:25:54.686Z",
    "duration": 132385,
    "testsRegistered": 3,
    "passPercent": 0,
    "pendingPercent": 0,
    "other": 0,
    "hasOther": false,
    "skipped": 0,
    "hasSkipped": false
  },
  "results": [
    {
      "uuid": "ceddff79-408b-4106-a6ca-6aba8413f353",
      "title": "",
      "fullFile": "cypress\\e2e\\loginPageTest.cy.js",
      "file": "cypress\\e2e\\loginPageTest.cy.js",
      "beforeHooks": [],
      "afterHooks": [],
      "tests": [],
      "suites": [
        {
          "uuid": "2312761c-a414-4e3a-85f8-9461f3fa96ff",
          "title": "User login tests",
          "fullFile": "",
          "file": "",
          "beforeHooks": [],
          "afterHooks": [],
          "tests": [
            {
              "title": "UI Test 1.1 - User Sign Up",
              "fullTitle": "User login tests UI Test 1.1 - User Sign Up",
              "timedOut": null,
              "duration": 12476,
              "state": "failed",
              "speed": null,
              "pass": false,
              "fail": true,
              "pending": false,
              "context": "{\n  \"title\": \"cypress-mochawesome-reporter-screenshots\",\n  \"value\": [\n    [\n      {\n        \"title\": \"Failed screenshot\",\n        \"value\": \"\\\\loginPageTest.cy.js\\\\User login tests -- UI Test 1.1 - User Sign Up (failed).png\"\n      }\n    ],\n    [\n      {\n        \"title\": \"Failed screenshot\",\n        \"value\": \"\\\\loginPageTest.cy.js\\\\User login tests -- UI Test 1.1 - User Sign Up (failed) (attempt 2).png\"\n      }\n    ],\n    [\n      {\n        \"title\": \"Failed screenshot\",\n        \"value\": \"\\\\loginPageTest.cy.js\\\\User login tests -- UI Test 1.1 - User Sign Up (failed) (attempt 3).png\"\n      }\n    ]\n  ]\n}",
              "code": "loginPage.getLoginPage();\nloginPage.signUp();",
              "err": {
                "message": "AssertionError: Timed out retrying after 10000ms: Expected to find element: `[for=\":r0:\"] > .Checkbox_inner__qg6mX > .Checkbox_tick__HP-JJ`, but never found it.",
                "estack": "AssertionError: Timed out retrying after 10000ms: Expected to find element: `[for=\":r0:\"] > .Checkbox_inner__qg6mX > .Checkbox_tick__HP-JJ`, but never found it.\n    at LoginPage.eval [as signUp] (https://qa.knights.app/__cypress/tests?p=cypress\\e2e\\loginPageTest.cy.js:233:10)\n    at Context.eval (https://qa.knights.app/__cypress/tests?p=cypress\\e2e\\loginPageTest.cy.js:150:15)",
                "diff": null
              },
              "uuid": "5fb451d3-fe21-43eb-908b-9787362796fb",
              "parentUUID": "2312761c-a414-4e3a-85f8-9461f3fa96ff",
              "isHook": false,
              "skipped": false
            },
            {
              "title": "UI Test 1.2 - User visit Home page and login with valid credentials",
              "fullTitle": "User login tests UI Test 1.2 - User visit Home page and login with valid credentials",
              "timedOut": null,
              "duration": 15483,
              "state": "failed",
              "speed": null,
              "pass": false,
              "fail": true,
              "pending": false,
              "context": "{\n  \"title\": \"cypress-mochawesome-reporter-screenshots\",\n  \"value\": [\n    [\n      {\n        \"title\": \"Failed screenshot\",\n        \"value\": \"\\\\loginPageTest.cy.js\\\\User login tests -- UI Test 1.2 - User visit Home page and login with valid credentials (failed).png\"\n      }\n    ],\n    [\n      {\n        \"title\": \"Failed screenshot\",\n        \"value\": \"\\\\loginPageTest.cy.js\\\\User login tests -- UI Test 1.2 - User visit Home page and login with valid credentials (failed) (attempt 2).png\"\n      }\n    ],\n    [\n      {\n        \"title\": \"Failed screenshot\",\n        \"value\": \"\\\\loginPageTest.cy.js\\\\User login tests -- UI Test 1.2 - User visit Home page and login with valid credentials (failed) (attempt 3).png\"\n      }\n    ],\n    [\n      {\n        \"title\": \"Failed screenshot\",\n        \"value\": \"\\\\loginPageTest.cy.js\\\\User login tests -- UI Test 1.2 - User visit Home page and login with valid credentials (failed) (attempt 4).png\"\n      }\n    ]\n  ]\n}",
              "code": "loginPage.getLoginPage();\nloginPage.doLogin();",
              "err": {
                "message": "AssertionError: Timed out retrying after 10000ms: Expected to find content: 'Today’s Cryptocurrency prices' but never did.",
                "estack": "AssertionError: Timed out retrying after 10000ms: Expected to find content: 'Today’s Cryptocurrency prices' but never did.\n    at LoginPage.eval [as doLogin] (https://qa.knights.app/__cypress/tests?p=cypress\\e2e\\loginPageTest.cy.js:212:52)\n    at Context.eval (https://qa.knights.app/__cypress/tests?p=cypress\\e2e\\loginPageTest.cy.js:159:15)",
                "diff": null
              },
              "uuid": "795454e5-b99e-4f77-a372-d6002a3ce507",
              "parentUUID": "2312761c-a414-4e3a-85f8-9461f3fa96ff",
              "isHook": false,
              "skipped": false
            },
            {
              "title": "UI Test 1.3 - Logout user",
              "fullTitle": "User login tests UI Test 1.3 - Logout user",
              "timedOut": null,
              "duration": 10205,
              "state": "failed",
              "speed": null,
              "pass": false,
              "fail": true,
              "pending": false,
              "context": "{\n  \"title\": \"cypress-mochawesome-reporter-screenshots\",\n  \"value\": [\n    [\n      {\n        \"title\": \"Failed screenshot\",\n        \"value\": \"\\\\loginPageTest.cy.js\\\\User login tests -- UI Test 1.3 - Logout user (failed).png\"\n      }\n    ],\n    [\n      {\n        \"title\": \"Failed screenshot\",\n        \"value\": \"\\\\loginPageTest.cy.js\\\\User login tests -- UI Test 1.3 - Logout user (failed) (attempt 2).png\"\n      }\n    ],\n    [\n      {\n        \"title\": \"Failed screenshot\",\n        \"value\": \"\\\\loginPageTest.cy.js\\\\User login tests -- UI Test 1.3 - Logout user (failed) (attempt 3).png\"\n      }\n    ]\n  ]\n}",
              "code": "loginPage.logOut();",
              "err": {
                "message": "AssertionError: Timed out retrying after 10000ms: Expected to find element: `//img[@alt='Avatar']`, but never found it.",
                "estack": "AssertionError: Timed out retrying after 10000ms: Expected to find element: `//img[@alt='Avatar']`, but never found it.\n    at LoginPage.eval [as logOut] (https://qa.knights.app/__cypress/tests?p=cypress\\e2e\\loginPageTest.cy.js:215:10)\n    at Context.eval (https://qa.knights.app/__cypress/tests?p=cypress\\e2e\\loginPageTest.cy.js:162:15)",
                "diff": null
              },
              "uuid": "e4a9e304-2951-48d6-8290-55c24405f64d",
              "parentUUID": "2312761c-a414-4e3a-85f8-9461f3fa96ff",
              "isHook": false,
              "skipped": false
            }
          ],
          "suites": [],
          "passes": [],
          "failures": [
            "5fb451d3-fe21-43eb-908b-9787362796fb",
            "795454e5-b99e-4f77-a372-d6002a3ce507",
            "e4a9e304-2951-48d6-8290-55c24405f64d"
          ],
          "pending": [],
          "skipped": [],
          "duration": 38164,
          "root": false,
          "rootEmpty": false,
          "_timeout": 2000
        }
      ],
      "passes": [],
      "failures": [],
      "pending": [],
      "skipped": [],
      "duration": 0,
      "root": true,
      "rootEmpty": true,
      "_timeout": 2000
    }
  ],
  "meta": {
    "mocha": {
      "version": "7.0.1"
    },
    "mochawesome": {
      "options": {
        "quiet": false,
        "reportFilename": "mochawesome",
        "saveHtml": false,
        "saveJson": true,
        "consoleReporter": "spec",
        "useInlineDiffs": false,
        "code": true
      },
      "version": "7.1.3"
    },
    "marge": {
      "options": {
        "reportDir": "cypress\\report\\.jsons",
        "charts": true,
        "reportPageTitle": "custom-title",
        "overwrite": false,
        "html": false,
        "json": true
      },
      "version": "6.2.0"
    }
  }
}