{
  "stats": {
    "suites": 1,
    "tests": 6,
    "passes": 6,
    "pending": 0,
    "failures": 0,
    "start": "2022-06-07T10:27:04.784Z",
    "end": "2022-06-07T10:27:15.324Z",
    "duration": 10540,
    "testsRegistered": 6,
    "passPercent": 100,
    "pendingPercent": 0,
    "other": 0,
    "hasOther": false,
    "skipped": 0,
    "hasSkipped": false
  },
  "results": [
    {
      "uuid": "d735a779-c65f-4ac1-8126-a200230b1df2",
      "title": "",
      "fullFile": "cypress\\e2e\\2-advanced-examples\\network_requests.cy.js",
      "file": "cypress\\e2e\\2-advanced-examples\\network_requests.cy.js",
      "beforeHooks": [],
      "afterHooks": [],
      "tests": [],
      "suites": [
        {
          "uuid": "e79a3f62-872f-464c-a951-33cb70c03075",
          "title": "Network Requests",
          "fullFile": "",
          "file": "",
          "beforeHooks": [],
          "afterHooks": [],
          "tests": [
            {
              "title": "cy.request() - make an XHR request",
              "fullTitle": "Network Requests cy.request() - make an XHR request",
              "timedOut": null,
              "duration": 1895,
              "state": "passed",
              "speed": "fast",
              "pass": true,
              "fail": false,
              "pending": false,
              "context": null,
              "code": "// https://on.cypress.io/request\ncy.request('https://jsonplaceholder.cypress.io/comments').should(response => {\n  expect(response.status).to.eq(200); // the server sometimes gets an extra comment posted from another machine\n  // which gets returned as 1 extra object\n  expect(response.body).to.have.property('length').and.be.oneOf([500, 501]);\n  expect(response).to.have.property('headers');\n  expect(response).to.have.property('duration');\n});",
              "err": {},
              "uuid": "6505389c-80b1-4fec-8e1b-a3fc75e0c25d",
              "parentUUID": "e79a3f62-872f-464c-a951-33cb70c03075",
              "isHook": false,
              "skipped": false
            },
            {
              "title": "cy.request() - verify response using BDD syntax",
              "fullTitle": "Network Requests cy.request() - verify response using BDD syntax",
              "timedOut": null,
              "duration": 1337,
              "state": "passed",
              "speed": "fast",
              "pass": true,
              "fail": false,
              "pending": false,
              "context": null,
              "code": "cy.request('https://jsonplaceholder.cypress.io/comments').then(response => {\n  // https://on.cypress.io/assertions\n  expect(response).property('status').to.equal(200);\n  expect(response).property('body').to.have.property('length').and.be.oneOf([500, 501]);\n  expect(response).to.include.keys('headers', 'duration');\n});",
              "err": {},
              "uuid": "ea8059d4-ec68-4dbf-bb58-c2a708c47c7c",
              "parentUUID": "e79a3f62-872f-464c-a951-33cb70c03075",
              "isHook": false,
              "skipped": false
            },
            {
              "title": "cy.request() with query parameters",
              "fullTitle": "Network Requests cy.request() with query parameters",
              "timedOut": null,
              "duration": 787,
              "state": "passed",
              "speed": "fast",
              "pass": true,
              "fail": false,
              "pending": false,
              "context": null,
              "code": "// will execute request\n// https://jsonplaceholder.cypress.io/comments?postId=1&id=3\ncy.request({\n  url: 'https://jsonplaceholder.cypress.io/comments',\n  qs: {\n    postId: 1,\n    id: 3\n  }\n}).its('body').should('be.an', 'array').and('have.length', 1).its('0') // yields first element of the array\n.should('contain', {\n  postId: 1,\n  id: 3\n});",
              "err": {},
              "uuid": "9c38d700-25d2-486a-b12d-5479d7437b75",
              "parentUUID": "e79a3f62-872f-464c-a951-33cb70c03075",
              "isHook": false,
              "skipped": false
            },
            {
              "title": "cy.request() - pass result to the second request",
              "fullTitle": "Network Requests cy.request() - pass result to the second request",
              "timedOut": null,
              "duration": 1434,
              "state": "passed",
              "speed": "fast",
              "pass": true,
              "fail": false,
              "pending": false,
              "context": null,
              "code": "// first, let's find out the userId of the first user we have\ncy.request('https://jsonplaceholder.cypress.io/users?_limit=1').its('body') // yields the response object\n.its('0') // yields the first element of the returned list\n// the above two commands its('body').its('0')\n// can be written as its('body.0')\n// if you do not care about TypeScript checks\n.then(user => {\n  expect(user).property('id').to.be.a('number'); // make a new post on behalf of the user\n  cy.request('POST', 'https://jsonplaceholder.cypress.io/posts', {\n    userId: user.id,\n    title: 'Cypress Test Runner',\n    body: 'Fast, easy and reliable testing for anything that runs in a browser.'\n  });\n}) // note that the value here is the returned value of the 2nd request\n// which is the new post object\n.then(response => {\n  expect(response).property('status').to.equal(201); // new entity created\n  expect(response).property('body').to.contain({\n    title: 'Cypress Test Runner'\n  }); // we don't know the exact post id - only that it will be > 100\n  // since JSONPlaceholder has built-in 100 posts\n  expect(response.body).property('id').to.be.a('number').and.to.be.gt(100); // we don't know the user id here - since it was in above closure\n  // so in this test just confirm that the property is there\n  expect(response.body).property('userId').to.be.a('number');\n});",
              "err": {},
              "uuid": "f1124a32-9f4f-47cc-bda3-9a7f6e1c9f3c",
              "parentUUID": "e79a3f62-872f-464c-a951-33cb70c03075",
              "isHook": false,
              "skipped": false
            },
            {
              "title": "cy.request() - save response in the shared test context",
              "fullTitle": "Network Requests cy.request() - save response in the shared test context",
              "timedOut": null,
              "duration": 1415,
              "state": "passed",
              "speed": "fast",
              "pass": true,
              "fail": false,
              "pending": false,
              "context": null,
              "code": "// https://on.cypress.io/variables-and-aliases\ncy.request('https://jsonplaceholder.cypress.io/users?_limit=1').its('body').its('0') // yields the first element of the returned list\n.as('user') // saves the object in the test context\n.then(function () {\n  // NOTE 👀\n  //  By the time this callback runs the \"as('user')\" command\n  //  has saved the user object in the test context.\n  //  To access the test context we need to use\n  //  the \"function () { ... }\" callback form,\n  //  otherwise \"this\" points at a wrong or undefined object!\n  cy.request('POST', 'https://jsonplaceholder.cypress.io/posts', {\n    userId: this.user.id,\n    title: 'Cypress Test Runner',\n    body: 'Fast, easy and reliable testing for anything that runs in a browser.'\n  }).its('body').as('post'); // save the new post from the response\n}).then(function () {\n  // When this callback runs, both \"cy.request\" API commands have finished\n  // and the test context has \"user\" and \"post\" objects set.\n  // Let's verify them.\n  expect(this.post, 'post has the right user id').property('userId').to.equal(this.user.id);\n});",
              "err": {},
              "uuid": "951c2ae6-3b56-4a7f-a337-81996b12f612",
              "parentUUID": "e79a3f62-872f-464c-a951-33cb70c03075",
              "isHook": false,
              "skipped": false
            },
            {
              "title": "cy.intercept() - route responses to matching requests",
              "fullTitle": "Network Requests cy.intercept() - route responses to matching requests",
              "timedOut": null,
              "duration": 2124,
              "state": "passed",
              "speed": "fast",
              "pass": true,
              "fail": false,
              "pending": false,
              "context": null,
              "code": "// https://on.cypress.io/intercept\nlet message = 'whoa, this comment does not exist'; // Listen to GET to comments/1\ncy.intercept('GET', '**/comments/*').as('getComment'); // we have code that gets a comment when\n// the button is clicked in scripts.js\ncy.get('.network-btn').click(); // https://on.cypress.io/wait\ncy.wait('@getComment').its('response.statusCode').should('be.oneOf', [200, 304]); // Listen to POST to comments\ncy.intercept('POST', '**/comments').as('postComment'); // we have code that posts a comment when\n// the button is clicked in scripts.js\ncy.get('.network-post').click();\ncy.wait('@postComment').should(({\n  request,\n  response\n}) => {\n  expect(request.body).to.include('email');\n  expect(request.headers).to.have.property('content-type');\n  expect(response && response.body).to.have.property('name', 'Using POST in cy.intercept()');\n}); // Stub a response to PUT comments/ ****\ncy.intercept({\n  method: 'PUT',\n  url: '**/comments/*'\n}, {\n  statusCode: 404,\n  body: {\n    error: message\n  },\n  headers: {\n    'access-control-allow-origin': '*'\n  },\n  delayMs: 500\n}).as('putComment'); // we have code that puts a comment when\n// the button is clicked in scripts.js\ncy.get('.network-put').click();\ncy.wait('@putComment'); // our 404 statusCode logic in scripts.js executed\ncy.get('.network-put-comment').should('contain', message);",
              "err": {},
              "uuid": "98619da9-ce8c-4c6e-a232-3f2860afb23f",
              "parentUUID": "e79a3f62-872f-464c-a951-33cb70c03075",
              "isHook": false,
              "skipped": false
            }
          ],
          "suites": [],
          "passes": [
            "6505389c-80b1-4fec-8e1b-a3fc75e0c25d",
            "ea8059d4-ec68-4dbf-bb58-c2a708c47c7c",
            "9c38d700-25d2-486a-b12d-5479d7437b75",
            "f1124a32-9f4f-47cc-bda3-9a7f6e1c9f3c",
            "951c2ae6-3b56-4a7f-a337-81996b12f612",
            "98619da9-ce8c-4c6e-a232-3f2860afb23f"
          ],
          "failures": [],
          "pending": [],
          "skipped": [],
          "duration": 8992,
          "root": false,
          "rootEmpty": false,
          "_timeout": 2000
        }
      ],
      "passes": [],
      "failures": [],
      "pending": [],
      "skipped": [],
      "duration": 0,
      "root": true,
      "rootEmpty": true,
      "_timeout": 2000
    }
  ],
  "meta": {
    "mocha": {
      "version": "7.0.1"
    },
    "mochawesome": {
      "options": {
        "quiet": false,
        "reportFilename": "mochawesome",
        "saveHtml": false,
        "saveJson": true,
        "consoleReporter": "spec",
        "useInlineDiffs": false,
        "code": true
      },
      "version": "7.1.3"
    },
    "marge": {
      "options": {
        "reportDir": "cypress\\report\\.jsons",
        "charts": true,
        "reportPageTitle": "custom-title",
        "overwrite": false,
        "html": false,
        "json": true
      },
      "version": "6.2.0"
    }
  }
}